0 info it worked if it ends with ok
1 verbose cli [ '/Users/raymondyeh/.nvm/versions/node/v6.11.3/bin/node',
1 verbose cli   '/Users/raymondyeh/.nvm/versions/node/v6.11.3/bin/npm',
1 verbose cli   'run',
1 verbose cli   'lint' ]
2 info using npm@3.10.10
3 info using node@v6.11.3
4 verbose run-script [ 'prelint', 'lint', 'postlint' ]
5 info lifecycle certificate-app@1.0.0~prelint: certificate-app@1.0.0
6 silly lifecycle certificate-app@1.0.0~prelint: no script for prelint, continuing
7 info lifecycle certificate-app@1.0.0~lint: certificate-app@1.0.0
8 verbose lifecycle certificate-app@1.0.0~lint: unsafe-perm in lifecycle true
9 verbose lifecycle certificate-app@1.0.0~lint: PATH: /Users/raymondyeh/.nvm/versions/node/v6.11.3/lib/node_modules/npm/bin/node-gyp-bin:/Users/raymondyeh/Desktop/certificate-application/node_modules/.bin:/Users/raymondyeh/.nvm/versions/node/v6.11.3/bin:/usr/local/bin:/usr/bin:/bin:/usr/sbin:/sbin:/opt/X11/bin
10 verbose lifecycle certificate-app@1.0.0~lint: CWD: /Users/raymondyeh/Desktop/certificate-application
11 silly lifecycle certificate-app@1.0.0~lint: Args: [ '-c', 'eslint . --fix' ]
12 silly lifecycle certificate-app@1.0.0~lint: Returned: code: 1  signal: null
13 info lifecycle certificate-app@1.0.0~lint: Failed to exec lint script
14 verbose stack Error: certificate-app@1.0.0 lint: `eslint . --fix`
14 verbose stack Exit status 1
14 verbose stack     at EventEmitter.<anonymous> (/Users/raymondyeh/.nvm/versions/node/v6.11.3/lib/node_modules/npm/lib/utils/lifecycle.js:255:16)
14 verbose stack     at emitTwo (events.js:106:13)
14 verbose stack     at EventEmitter.emit (events.js:191:7)
14 verbose stack     at ChildProcess.<anonymous> (/Users/raymondyeh/.nvm/versions/node/v6.11.3/lib/node_modules/npm/lib/utils/spawn.js:40:14)
14 verbose stack     at emitTwo (events.js:106:13)
14 verbose stack     at ChildProcess.emit (events.js:191:7)
14 verbose stack     at maybeClose (internal/child_process.js:920:16)
14 verbose stack     at Process.ChildProcess._handle.onexit (internal/child_process.js:230:5)
15 verbose pkgid certificate-app@1.0.0
16 verbose cwd /Users/raymondyeh/Desktop/certificate-application
17 error Darwin 17.2.0
18 error argv "/Users/raymondyeh/.nvm/versions/node/v6.11.3/bin/node" "/Users/raymondyeh/.nvm/versions/node/v6.11.3/bin/npm" "run" "lint"
19 error node v6.11.3
20 error npm  v3.10.10
21 error code ELIFECYCLE
22 error certificate-app@1.0.0 lint: `eslint . --fix`
22 error Exit status 1
23 error Failed at the certificate-app@1.0.0 lint script 'eslint . --fix'.
23 error Make sure you have the latest version of node.js and npm installed.
23 error If you do, this is most likely a problem with the certificate-app package,
23 error not with npm itself.
23 error Tell the author that this fails on your system:
23 error     eslint . --fix
23 error You can get information on how to open an issue for this project with:
23 error     npm bugs certificate-app
23 error Or if that isn't available, you can get their info via:
23 error     npm owner ls certificate-app
23 error There is likely additional logging output above.
24 verbose exit [ 1, true ]
